--- Startup times for process: Primary (or UI client) ---

times in msec
 clock   self+sourced   self:  sourced script
 clock   elapsed:              other lines

000.024  000.024: --- NVIM STARTING ---
000.099  000.075: event init
000.290  000.191: early init
022.099  021.809: locale set
022.180  000.081: init first window
023.441  001.261: inits 1
023.814  000.374: window checked
023.833  000.018: parsing arguments
025.547  000.660  000.660: require('vim.shared')
026.729  000.300  000.300: require('vim.inspect')
027.220  000.451  000.451: require('vim._options')
027.230  001.666  000.915: require('vim._editor')
027.236  002.503  000.177: require('vim._init_packages')
027.250  000.914: init lua interpreter
034.753  007.503: nvim_ui_attach
035.390  000.637: nvim_set_client_info
035.403  000.013: --- NVIM STARTED ---

--- Startup times for process: Embedded ---

times in msec
 clock   self+sourced   self:  sourced script
 clock   elapsed:              other lines

000.010  000.010: --- NVIM STARTING ---
000.077  000.067: event init
000.228  000.151: early init
022.444  022.216: locale set
022.506  000.062: init first window
023.381  000.875: inits 1
023.538  000.157: window checked
023.554  000.016: parsing arguments
025.524  000.679  000.679: require('vim.shared')
026.673  000.293  000.293: require('vim.inspect')
027.146  000.432  000.432: require('vim._options')
027.156  001.611  000.886: require('vim._editor')
027.162  002.654  000.364: require('vim._init_packages')
027.178  000.969: init lua interpreter
027.659  000.481: expanding arguments
027.695  000.036: inits 2
028.636  000.941: init highlight
028.642  000.005: waiting for UI
028.864  000.223: done waiting for UI
028.875  000.010: clear screen
029.731  000.062  000.062: require('vim.keymap')
031.038  000.378  000.378: sourcing nvim_exec2()
032.541  001.152  001.152: require('vim.termcap')
032.740  000.165  000.165: require('vim.text')
035.191  006.310  004.552: require('vim._defaults')
035.203  000.018: init default mappings & autocommands
035.609  000.170  000.170: sourcing C:\Program Files\Neovim\share\nvim\runtime\ftplugin.vim
035.953  000.088  000.088: sourcing C:\Program Files\Neovim\share\nvim\runtime\indent.vim
038.278  001.116  001.116: require('lazy')
038.353  000.029  000.029: require('ffi')
039.358  000.437  000.437: require('vim.fs')
039.704  000.334  000.334: require('vim.uri')
039.729  001.367  000.596: require('vim.loader')
040.284  000.451  000.451: require('lazy.stats')
040.746  000.299  000.299: require('lazy.core.util')
041.079  000.319  000.319: require('lazy.core.config')
041.586  000.233  000.233: require('lazy.core.handler')
042.294  000.234  000.234: require('lazy.pkg')
042.307  000.467  000.233: require('lazy.core.meta')
042.319  000.723  000.256: require('lazy.core.plugin')
042.333  001.244  000.288: require('lazy.core.loader')
043.070  000.232  000.232: require('lazy.core.fragments')
052.312  000.211  000.211: require('lazy.core.handler.keys')
052.531  000.205  000.205: require('lazy.core.handler.event')
052.754  000.213  000.213: require('lazy.core.handler.ft')
052.974  000.209  000.209: require('lazy.core.handler.cmd')
053.358  000.011  000.011: sourcing nvim_exec2() called at C:\Users\User1\AppData\Local\nvim\init.lua:0
053.728  000.068  000.068: sourcing C:/Users/User1/AppData/Local/nvim-data/lazy/omnisharp-vim/ftdetect/cake.vim
053.748  000.263  000.194: sourcing nvim_exec2() called at C:\Users\User1\AppData\Local\nvim\init.lua:0
053.977  000.056  000.056: sourcing C:/Users/User1/AppData/Local/nvim-data/lazy/omnisharp-vim/ftdetect/csx.vim
053.994  000.232  000.176: sourcing nvim_exec2() called at C:\Users\User1\AppData\Local\nvim\init.lua:0
054.252  000.068  000.068: sourcing C:/Users/User1/AppData/Local/nvim-data/lazy/omnisharp-vim/ftdetect/omnisharplog.vim
054.270  000.250  000.182: sourcing nvim_exec2() called at C:\Users\User1\AppData\Local\nvim\init.lua:0
054.284  000.003  000.003: sourcing nvim_exec2() called at C:\Users\User1\AppData\Local\nvim\init.lua:0
054.829  000.005  000.005: sourcing nvim_exec2() called at C:\Users\User1\AppData\Local\nvim\init.lua:0
054.882  000.004  000.004: sourcing nvim_exec2() called at C:\Users\User1\AppData\Local\nvim\init.lua:0
055.976  000.630  000.630: sourcing nvim_exec2() called at C:\Program Files\Neovim\share/nvim/runtime/filetype.lua:0
056.006  000.845  000.215: sourcing C:\Program Files\Neovim\share/nvim/runtime/filetype.lua
056.041  001.074  000.229: sourcing nvim_exec2() called at C:\Users\User1\AppData\Local\nvim\init.lua:0
056.428  000.006  000.006: sourcing nvim_exec2() called at C:\Users\User1\AppData\Local\nvim\init.lua:0
056.500  000.004  000.004: sourcing nvim_exec2() called at C:\Users\User1\AppData\Local\nvim\init.lua:0
062.249  002.137  002.137: sourcing C:\Users\User1\AppData\Local\nvim-data\lazy\miasma.nvim\colors\miasma.vim
062.418  000.005  000.005: sourcing nvim_exec2() called at C:\Users\User1\AppData\Local\nvim\init.lua:0
062.458  000.004  000.004: sourcing nvim_exec2() called at C:\Users\User1\AppData\Local\nvim\init.lua:0
066.261  000.006  000.006: sourcing nvim_exec2() called at C:\Users\User1\AppData\Local\nvim\init.lua:0
066.300  000.004  000.004: sourcing nvim_exec2() called at C:\Users\User1\AppData\Local\nvim\init.lua:0
067.444  000.220  000.220: require('mason-core.path')
067.905  000.254  000.254: require('mason-core.functional')
068.407  000.225  000.225: require('mason-core.functional.data')
068.423  000.459  000.233: require('mason-core.functional.function')
068.697  000.213  000.213: require('mason-core.functional.relation')
068.984  000.269  000.269: require('mason-core.functional.logic')
069.067  001.612  000.417: require('mason-core.platform')
069.394  000.320  000.320: require('mason.settings')
069.407  003.062  000.911: require('mason')
070.222  000.277  000.277: require('mason-core.functional.list')
070.459  000.222  000.222: require('mason-core.functional.string')
070.535  000.933  000.434: require('mason.api.command')
070.799  000.250  000.250: require('mason-registry.sources')
071.593  000.280  000.280: require('mason-core.log')
071.605  000.509  000.229: require('mason-core.EventEmitter')
071.820  000.210  000.210: require('mason-core.optional')
072.590  000.425  000.425: require('mason-core.async')
072.841  000.234  000.234: require('mason-core.async.uv')
072.869  001.039  000.379: require('mason-core.fs')
072.948  010.479  004.465: require('mason-registry')
073.522  000.255  000.255: require('mason-core.result')
074.184  000.286  000.286: require('mason-core.process')
081.165  006.971  006.971: require('mason-core.spawn')
081.177  007.474  000.217: require('mason-core.managers.powershell')
081.398  000.214  000.214: require('mason.version')
081.411  007.878  000.190: require('mason-core.fetch')
081.614  000.197  000.197: require('mason-core.providers')
082.371  000.169  000.169: require('mason-core.functional.table')
082.432  000.428  000.259: require('mason-core.purl')
082.451  000.659  000.231: require('mason-core.package')
083.074  000.183  000.183: require('mason-core.installer.registry.expr')
083.091  000.420  000.237: require('mason-core.installer.registry.link')
084.023  000.177  000.177: require('mason-core.receipt')
084.058  000.404  000.227: require('mason-core.installer.context')
084.295  000.230  000.230: require('mason-core.async.control')
084.493  000.188  000.188: require('mason-core.installer.linker')
084.508  001.058  000.236: require('mason-core.installer')
084.531  001.263  000.205: require('mason-core.installer.managers.std')
084.537  001.440  000.177: require('mason-core.installer.registry.schemas')
084.728  000.185  000.185: require('mason-core.installer.registry.util')
084.745  002.288  000.242: require('mason-core.installer.registry')
084.753  003.130  000.183: require('mason-registry.sources.util')
084.768  011.810  000.350: require('mason-registry.sources.github')
090.820  000.259  000.259: require('mason-core.functional.type')
091.235  000.210  000.210: require('vim.health')
091.246  000.407  000.197: require('vim.deprecated.health')
091.618  000.218  000.218: require('vim.iter')
114.388  000.364  000.364: require('rustaceanvim.config')
114.535  000.010  000.010: sourcing nvim_exec2() called at C:\Users\User1\AppData\Local\nvim\init.lua:0
114.572  000.004  000.004: sourcing nvim_exec2() called at C:\Users\User1\AppData\Local\nvim\init.lua:0
117.099  000.289  000.289: require('treesitter-context.config')
117.119  001.366  001.077: require('treesitter-context')
117.237  000.041  000.041: require('vim.F')
117.271  001.681  000.275: sourcing C:/Users/User1/AppData/Local/nvim-data/lazy/nvim-treesitter-context/plugin/treesitter-context.lua
117.296  001.874  000.193: sourcing nvim_exec2() called at C:\Users\User1\AppData\Local\nvim\init.lua:0
117.314  000.005  000.005: sourcing nvim_exec2() called at C:\Users\User1\AppData\Local\nvim\init.lua:0
117.359  000.004  000.004: sourcing nvim_exec2() called at C:\Users\User1\AppData\Local\nvim\init.lua:0
118.724  000.172  000.172: require('vim.treesitter.language')
119.095  000.216  000.216: require('vim.func')
119.294  000.187  000.187: require('vim.func._memoize')
119.336  001.031  000.456: require('vim.treesitter.query')
119.524  000.180  000.180: require('vim.treesitter._range')
119.549  001.482  000.270: require('vim.treesitter.languagetree')
119.560  001.774  000.292: require('vim.treesitter')
119.780  000.214  000.214: require('vim.treesitter.highlighter')
119.958  000.169  000.169: require('treesitter-context.util')
119.973  002.452  000.295: require('treesitter-context.render')
120.186  000.007  000.007: sourcing nvim_exec2() called at C:\Users\User1\AppData\Local\nvim\init.lua:0
120.224  000.004  000.004: sourcing nvim_exec2() called at C:\Users\User1\AppData\Local\nvim\init.lua:0
122.493  000.006  000.006: sourcing nvim_exec2() called at C:\Users\User1\AppData\Local\nvim\init.lua:0
122.532  000.004  000.004: sourcing nvim_exec2() called at C:\Users\User1\AppData\Local\nvim\init.lua:0
123.679  000.006  000.006: sourcing nvim_exec2() called at C:\Users\User1\AppData\Local\nvim\init.lua:0
123.715  000.004  000.004: sourcing nvim_exec2() called at C:\Users\User1\AppData\Local\nvim\init.lua:0
125.502  001.341  001.341: require('cmp.utils.api')
125.947  000.191  000.191: require('cmp.types.cmp')
126.374  000.173  000.173: require('cmp.utils.misc')
126.395  000.438  000.264: require('cmp.types.lsp')
126.559  000.157  000.157: require('cmp.types.vim')
126.568  001.056  000.271: require('cmp.types')
126.733  000.160  000.160: require('cmp.utils.highlight')
127.053  000.152  000.152: require('cmp.utils.debug')
127.069  000.327  000.175: require('cmp.utils.autocmd')
127.488  000.011  000.011: sourcing nvim_exec2() called at C:/Users/User1/AppData/Local/nvim-data/lazy/nvim-cmp/plugin/cmp.lua:0
127.499  003.553  000.659: sourcing C:/Users/User1/AppData/Local/nvim-data/lazy/nvim-cmp/plugin/cmp.lua
127.523  003.737  000.184: sourcing nvim_exec2() called at C:\Users\User1\AppData\Local\nvim\init.lua:0
127.537  000.003  000.003: sourcing nvim_exec2() called at C:\Users\User1\AppData\Local\nvim\init.lua:0
127.580  000.004  000.004: sourcing nvim_exec2() called at C:\Users\User1\AppData\Local\nvim\init.lua:0
128.426  000.212  000.212: require('cmp.utils.char')
128.442  000.397  000.185: require('cmp.utils.str')
128.962  000.154  000.154: require('cmp.utils.buffer')
128.990  000.370  000.216: require('cmp.utils.keymap')
128.996  000.548  000.177: require('cmp.utils.feedkeys')
129.544  000.193  000.193: require('cmp.config.mapping')
129.712  000.158  000.158: require('cmp.utils.cache')
130.059  000.168  000.168: require('cmp.config.compare')
130.069  000.347  000.179: require('cmp.config.default')
130.097  000.917  000.218: require('cmp.config')
130.116  001.114  000.198: require('cmp.utils.async')
130.452  000.159  000.159: require('cmp.utils.pattern')
130.463  000.341  000.181: require('cmp.context')
131.110  000.254  000.254: require('cmp.utils.snippet')
131.293  000.172  000.172: require('cmp.matcher')
131.307  000.652  000.225: require('cmp.entry')
131.319  000.851  000.199: require('cmp.source')
131.655  000.158  000.158: require('cmp.utils.event')
132.159  000.152  000.152: require('cmp.utils.options')
132.172  000.343  000.191: require('cmp.utils.window')
132.179  000.515  000.172: require('cmp.view.docs_view')
132.393  000.208  000.208: require('cmp.view.custom_entries_view')
132.587  000.185  000.185: require('cmp.view.wildmenu_entries_view')
132.769  000.173  000.173: require('cmp.view.native_entries_view')
132.974  000.197  000.197: require('cmp.view.ghost_text_view')
132.991  001.667  000.231: require('cmp.view')
133.196  005.374  000.456: require('cmp.core')
133.584  000.190  000.190: require('cmp.config.sources')
133.764  000.167  000.167: require('cmp.config.window')
133.820  006.216  000.484: require('cmp')
134.573  014.332  004.353: require('cmp')
137.491  002.394  002.394: sourcing C:/Users/User1/AppData/Local/nvim-data/lazy/vim-fugitive/plugin/fugitive.vim
137.512  002.592  000.198: sourcing nvim_exec2() called at C:\Users\User1\AppData\Local\nvim\init.lua:0
137.530  000.004  000.004: sourcing nvim_exec2() called at C:\Users\User1\AppData\Local\nvim\init.lua:0
137.843  000.060  000.060: sourcing C:/Users/User1/AppData/Local/nvim-data/lazy/vim-fugitive/ftdetect/fugitive.vim
137.861  000.251  000.190: sourcing nvim_exec2() called at C:\Users\User1\AppData\Local\nvim\init.lua:0
137.875  000.003  000.003: sourcing nvim_exec2() called at C:\Users\User1\AppData\Local\nvim\init.lua:0
139.112  000.005  000.005: sourcing nvim_exec2() called at C:\Users\User1\AppData\Local\nvim\init.lua:0
139.149  000.004  000.004: sourcing nvim_exec2() called at C:\Users\User1\AppData\Local\nvim\init.lua:0
140.439  000.005  000.005: sourcing nvim_exec2() called at C:\Users\User1\AppData\Local\nvim\init.lua:0
140.475  000.004  000.004: sourcing nvim_exec2() called at C:\Users\User1\AppData\Local\nvim\init.lua:0
142.045  001.484  001.484: require('visimatch')
142.263  000.006  000.006: sourcing nvim_exec2() called at C:\Users\User1\AppData\Local\nvim\init.lua:0
142.299  000.004  000.004: sourcing nvim_exec2() called at C:\Users\User1\AppData\Local\nvim\init.lua:0
144.422  002.111  002.111: require('mini.ai')
145.386  000.591  000.591: require('mini.surround')
146.072  000.298  000.298: require('mini.move')
146.843  000.441  000.441: require('mini.statusline')
147.476  000.154  000.154: sourcing C:/Users/User1/AppData/Local/nvim-data/lazy/cord.nvim/plugin/cord.vim
147.496  000.347  000.193: sourcing nvim_exec2() called at C:\Users\User1\AppData\Local\nvim\init.lua:0
147.511  000.004  000.004: sourcing nvim_exec2() called at C:\Users\User1\AppData\Local\nvim\init.lua:0
147.556  000.004  000.004: sourcing nvim_exec2() called at C:\Users\User1\AppData\Local\nvim\init.lua:0
151.674  000.283  000.283: require('nvim-treesitter.utils')
155.747  004.062  004.062: require('nvim-treesitter.parsers')
156.675  000.196  000.196: require('nvim-treesitter.compat')
157.106  000.228  000.228: require('nvim-treesitter.ts_utils')
157.122  000.436  000.207: require('nvim-treesitter.tsrange')
157.313  000.185  000.185: require('nvim-treesitter.caching')
157.335  001.102  000.285: require('nvim-treesitter.query')
157.360  001.370  000.269: require('nvim-treesitter.configs')
157.372  001.614  000.244: require('nvim-treesitter.info')
157.768  000.391  000.391: require('nvim-treesitter.shell_command_selectors')
157.961  006.848  000.499: require('nvim-treesitter.install')
158.269  000.301  000.301: require('nvim-treesitter.statusline')
158.687  000.408  000.408: require('nvim-treesitter.query_predicates')
158.706  009.334  001.777: require('nvim-treesitter')
160.610  011.444  002.109: sourcing C:/Users/User1/AppData/Local/nvim-data/lazy/nvim-treesitter/plugin/nvim-treesitter.lua
160.643  011.648  000.204: sourcing nvim_exec2() called at C:\Users\User1\AppData\Local\nvim\init.lua:0
160.677  000.005  000.005: sourcing nvim_exec2() called at C:\Users\User1\AppData\Local\nvim\init.lua:0
160.745  000.004  000.004: sourcing nvim_exec2() called at C:\Users\User1\AppData\Local\nvim\init.lua:0
161.038  000.005  000.005: sourcing nvim_exec2() called at C:\Users\User1\AppData\Local\nvim\init.lua:0
161.085  000.004  000.004: sourcing nvim_exec2() called at C:\Users\User1\AppData\Local\nvim\init.lua:0
164.026  000.739  000.739: require('gitsigns.async')
164.419  000.382  000.382: require('gitsigns.debug.log')
164.870  000.441  000.441: require('gitsigns.config')
164.882  003.728  002.167: require('gitsigns')
168.741  000.498  000.498: require('gitsigns.highlight')
169.594  000.239  000.239: require('gitsigns.debounce')
169.811  000.009  000.009: sourcing nvim_exec2() called at C:\Users\User1\AppData\Local\nvim\init.lua:0
169.848  000.004  000.004: sourcing nvim_exec2() called at C:\Users\User1\AppData\Local\nvim\init.lua:0
170.394  000.183  000.183: sourcing C:\Program Files\Neovim\share/nvim/runtime/plugin/editorconfig.lua
170.417  000.387  000.204: sourcing nvim_exec2() called at C:\Users\User1\AppData\Local\nvim\init.lua:0
170.934  000.333  000.333: sourcing C:\Program Files\Neovim\share/nvim/runtime/plugin/gzip.vim
171.027  000.596  000.263: sourcing nvim_exec2() called at C:\Users\User1\AppData\Local\nvim\init.lua:0
171.416  000.188  000.188: sourcing C:\Program Files\Neovim\share/nvim/runtime/plugin/man.lua
171.439  000.395  000.208: sourcing nvim_exec2() called at C:\Users\User1\AppData\Local\nvim\init.lua:0
174.435  000.634  000.634: sourcing C:\Program Files\Neovim\share\nvim\runtime\pack\dist\opt\matchit\plugin\matchit.vim
174.493  002.867  002.232: sourcing C:\Program Files\Neovim\share/nvim/runtime/plugin/matchit.vim
174.508  003.054  000.187: sourcing nvim_exec2() called at C:\Users\User1\AppData\Local\nvim\init.lua:0
175.024  000.307  000.307: sourcing C:\Program Files\Neovim\share/nvim/runtime/plugin/matchparen.vim
175.044  000.519  000.212: sourcing nvim_exec2() called at C:\Users\User1\AppData\Local\nvim\init.lua:0
175.303  000.050  000.050: sourcing C:\Program Files\Neovim\share/nvim/runtime/plugin/netrwPlugin.vim
175.322  000.264  000.214: sourcing nvim_exec2() called at C:\Users\User1\AppData\Local\nvim\init.lua:0
175.694  000.185  000.185: sourcing C:\Program Files\Neovim\share/nvim/runtime/plugin/osc52.lua
175.716  000.380  000.196: sourcing nvim_exec2() called at C:\Users\User1\AppData\Local\nvim\init.lua:0
176.683  000.054  000.054: sourcing C:\Users\User1\AppData\Local\nvim-data/rplugin.vim
176.710  000.805  000.751: sourcing C:\Program Files\Neovim\share/nvim/runtime/plugin/rplugin.vim
176.724  000.992  000.187: sourcing nvim_exec2() called at C:\Users\User1\AppData\Local\nvim\init.lua:0
177.085  000.161  000.161: sourcing C:\Program Files\Neovim\share/nvim/runtime/plugin/shada.vim
177.103  000.364  000.203: sourcing nvim_exec2() called at C:\Users\User1\AppData\Local\nvim\init.lua:0
177.390  000.067  000.067: sourcing C:\Program Files\Neovim\share/nvim/runtime/plugin/spellfile.vim
177.408  000.275  000.208: sourcing nvim_exec2() called at C:\Users\User1\AppData\Local\nvim\init.lua:0
177.784  000.182  000.182: sourcing C:\Program Files\Neovim\share/nvim/runtime/plugin/tarPlugin.vim
177.802  000.380  000.199: sourcing nvim_exec2() called at C:\Users\User1\AppData\Local\nvim\init.lua:0
178.171  000.168  000.168: sourcing C:\Program Files\Neovim\share/nvim/runtime/plugin/tohtml.lua
178.193  000.378  000.209: sourcing nvim_exec2() called at C:\Users\User1\AppData\Local\nvim\init.lua:0
178.474  000.076  000.076: sourcing C:\Program Files\Neovim\share/nvim/runtime/plugin/tutor.vim
178.492  000.285  000.209: sourcing nvim_exec2() called at C:\Users\User1\AppData\Local\nvim\init.lua:0
178.962  000.272  000.272: sourcing C:\Program Files\Neovim\share/nvim/runtime/plugin/zipPlugin.vim
178.981  000.475  000.203: sourcing nvim_exec2() called at C:\Users\User1\AppData\Local\nvim\init.lua:0
182.024  000.173  000.173: require('cmp_buffer.timer')
182.037  000.401  000.228: require('cmp_buffer.buffer')
182.045  000.589  000.188: require('cmp_buffer.source')
182.051  002.448  001.859: require('cmp_buffer')
182.155  002.721  000.273: sourcing C:/Users/User1/AppData/Local/nvim-data/lazy/cmp-buffer/after/plugin/cmp_buffer.lua
182.178  002.941  000.219: sourcing nvim_exec2() called at C:\Users\User1\AppData\Local\nvim\init.lua:0
182.855  000.228  000.228: require('cmp_path')
182.936  000.502  000.274: sourcing C:\Users\User1\AppData\Local\nvim-data\lazy\cmp-path\after/plugin/cmp_path.lua
182.960  000.701  000.199: sourcing nvim_exec2() called at C:\Users\User1\AppData\Local\nvim\init.lua:0
183.738  000.179  000.179: require('cmp_nvim_lsp.source')
183.750  000.373  000.193: require('cmp_nvim_lsp')
183.771  000.551  000.179: sourcing C:\Users\User1\AppData\Local\nvim-data\lazy\cmp-nvim-lsp\after/plugin/cmp_nvim_lsp.lua
183.791  000.750  000.198: sourcing nvim_exec2() called at C:\Users\User1\AppData\Local\nvim\init.lua:0
184.468  000.246  000.246: require('cmp_cmdline')
184.583  000.536  000.291: sourcing C:\Users\User1\AppData\Local\nvim-data\lazy\cmp-cmdline\after/plugin/cmp_cmdline.lua
184.607  000.738  000.202: sourcing nvim_exec2() called at C:\Users\User1\AppData\Local\nvim\init.lua:0
185.309  000.468  000.468: require('vim.diagnostic')
185.801  000.245  000.245: require('autodir')
185.886  000.007  000.007: sourcing nvim_exec2() called at C:\Users\User1\AppData\Local\nvim\init.lua:0
185.904  000.008  000.008: sourcing nvim_exec2() called at C:\Users\User1\AppData\Local\nvim\init.lua:0
191.775  001.913  001.913: sourcing C:\Users\User1\AppData\Local\nvim-data\lazy\miasma.nvim\colors\miasma.vim
192.471  006.535  004.623: sourcing nvim_exec2() called at C:\Users\User1\AppData\Local\nvim\init.lua:0
192.624  000.074  000.074: sourcing nvim_exec2() called at C:\Users\User1\AppData\Local\nvim\init.lua:0
192.736  000.074  000.074: sourcing nvim_exec2() called at C:\Users\User1\AppData\Local\nvim\init.lua:0
192.745  156.455  058.742: sourcing C:\Users\User1\AppData\Local\nvim\init.lua
192.797  000.882: sourcing vimrc file(s)
193.707  000.183  000.183: sourcing C:\Program Files\Neovim\share\nvim\runtime\filetype.lua
195.329  000.159  000.159: sourcing C:\Program Files\Neovim\share\nvim\runtime\syntax\synload.vim
195.529  000.986  000.826: sourcing C:\Program Files\Neovim\share/nvim/runtime/syntax/syntax.vim
195.565  001.599: inits 3
200.500  004.935: reading ShaDa
200.711  000.210: opening buffers
200.798  000.087: BufEnter autocommands
200.807  000.009: editing files in windows
200.911  000.012  000.012: sourcing nvim_exec2() called at VimEnter Autocommands for "*":0
200.925  000.005  000.005: sourcing nvim_exec2() called at VimEnter Autocommands for "*":0
200.936  000.004  000.004: sourcing nvim_exec2() called at VimEnter Autocommands for "*":0
203.540  000.157  000.157: sourcing C:/Users/User1/AppData/Local/nvim-data/lazy/plenary.nvim/plugin/plenary.vim
203.560  000.371  000.214: sourcing nvim_exec2() called at VimEnter Autocommands for "*":0
203.577  000.004  000.004: sourcing nvim_exec2() called at VimEnter Autocommands for "*":0
203.619  000.003  000.003: sourcing nvim_exec2() called at VimEnter Autocommands for "*":0
205.388  000.005  000.005: sourcing nvim_exec2() called at VimEnter Autocommands for "*":0
205.426  000.004  000.004: sourcing nvim_exec2() called at VimEnter Autocommands for "*":0
207.210  000.005  000.005: sourcing nvim_exec2() called at VimEnter Autocommands for "*":0
207.245  000.003  000.003: sourcing nvim_exec2() called at VimEnter Autocommands for "*":0
209.384  000.089  000.089: sourcing C:/Users/User1/AppData/Local/nvim-data/lazy/nvim-web-devicons/plugin/nvim-web-devicons.vim
209.405  000.294  000.205: sourcing nvim_exec2() called at VimEnter Autocommands for "*":0
209.421  000.004  000.004: sourcing nvim_exec2() called at VimEnter Autocommands for "*":0
209.465  000.003  000.003: sourcing nvim_exec2() called at VimEnter Autocommands for "*":0
210.228  000.396  000.396: sourcing C:/Users/User1/AppData/Local/nvim-data/lazy/telescope.nvim/plugin/telescope.lua
210.254  000.628  000.233: sourcing nvim_exec2() called at VimEnter Autocommands for "*":0
210.271  000.004  000.004: sourcing nvim_exec2() called at VimEnter Autocommands for "*":0
210.315  000.004  000.004: sourcing nvim_exec2() called at VimEnter Autocommands for "*":0
213.256  000.319  000.319: require('telescope._extensions')
213.269  002.917  002.598: require('telescope')
213.923  000.006  000.006: sourcing nvim_exec2() called at VimEnter Autocommands for "*":0
213.962  000.004  000.004: sourcing nvim_exec2() called at VimEnter Autocommands for "*":0
217.661  000.157  000.157: require('plenary.tbl')
217.674  000.325  000.168: require('plenary.vararg.rotate')
217.680  000.506  000.181: require('plenary.vararg')
217.869  000.182  000.182: require('plenary.errors')
218.044  000.166  000.166: require('plenary.functional')
218.054  001.047  000.192: require('plenary.async.async')
218.702  000.159  000.159: require('plenary.async.structs')
218.718  000.338  000.179: require('plenary.async.control')
218.727  000.508  000.171: require('plenary.async.util')
218.734  000.674  000.166: require('plenary.async.tests')
218.740  001.932  000.212: require('plenary.async')
219.678  000.169  000.169: require('plenary.bit')
219.704  000.409  000.240: require('plenary.path')
219.792  000.660  000.251: require('plenary.strings')
219.800  000.844  000.184: require('plenary.window.border')
219.998  000.192  000.192: require('plenary.window')
220.165  000.159  000.159: require('plenary.popup.utils')
220.175  001.429  000.235: require('plenary.popup')
221.161  000.262  000.262: require('telescope.deprecated')
222.017  000.300  000.300: require('plenary.log')
222.081  000.617  000.317: require('telescope.log')
222.828  000.180  000.180: require('plenary.compat')
222.845  000.429  000.249: require('plenary.job')
223.123  000.272  000.272: require('telescope.state')
223.203  001.115  000.414: require('telescope.utils')
223.218  002.044  000.312: require('telescope.sorters')
225.896  005.308  003.002: require('telescope.config')
226.265  000.357  000.357: require('telescope.pickers.scroller')
226.571  000.295  000.295: require('telescope.actions.state')
226.861  000.281  000.281: require('telescope.actions.utils')
227.465  000.307  000.307: require('telescope.actions.mt')
227.487  000.616  000.310: require('telescope.actions.set')
228.092  000.291  000.291: require('telescope.config.resolve')
228.103  000.608  000.317: require('telescope.pickers.entry_display')
228.390  000.281  000.281: require('telescope.from_entry')
228.722  008.542  000.795: require('telescope.actions')
229.060  000.327  000.327: require('telescope.debounce')
229.412  000.341  000.341: require('telescope.mappings')
229.741  000.320  000.320: require('telescope.pickers.highlights')
230.043  000.291  000.291: require('telescope.pickers.window')
230.624  000.289  000.289: require('telescope.algos.linked_list')
230.638  000.586  000.296: require('telescope.entry_manager')
230.929  000.285  000.285: require('telescope.pickers.multi')
230.957  014.564  000.512: require('telescope.pickers')
231.674  000.424  000.424: require('telescope.make_entry')
231.992  000.305  000.305: require('telescope.finders.async_static_finder')
232.730  000.167  000.167: require('plenary.class')
232.794  000.514  000.347: require('telescope._')
232.803  000.802  000.288: require('telescope.finders.async_oneshot_finder')
233.105  000.296  000.296: require('telescope.finders.async_job_finder')
233.118  002.155  000.327: require('telescope.finders')
233.303  000.178  000.178: require('telescope._extensions.recent_files.utils')
233.347  000.030  000.030: sourcing nvim_exec2() called at VimEnter Autocommands for "*":0
233.359  019.184  002.258: require('telescope._extensions.recent_files.recent_files_picker')
233.366  020.090  000.896: require('telescope._extensions.recent_files')
233.684  000.303  000.303: require('telescope.themes')
236.076  000.283  000.283: require('telescope._extensions.ui-select')
236.323  000.222  000.222: require('vim.ui')
236.726  000.384  000.384: require('telescope.builtin')
237.576  000.176  000.176: sourcing C:/Users/User1/AppData/Local/nvim-data/lazy/which-key.nvim/plugin/which-key.lua
237.600  000.398  000.222: sourcing nvim_exec2() called at VimEnter Autocommands for "*":0
237.618  000.005  000.005: sourcing nvim_exec2() called at VimEnter Autocommands for "*":0
237.661  000.004  000.004: sourcing nvim_exec2() called at VimEnter Autocommands for "*":0
239.926  002.176  002.176: require('which-key')
240.163  000.226  000.226: require('which-key.config')
240.530  000.006  000.006: sourcing nvim_exec2() called at VimEnter Autocommands for "*":0
240.572  000.004  000.004: sourcing nvim_exec2() called at VimEnter Autocommands for "*":0
242.866  002.256  002.256: require('alpha')
243.125  000.249  000.249: require('alpha.themes.dashboard')
244.440  000.139  000.139: sourcing C:/Users/User1/AppData/Local/nvim-data/lazy/todo-comments.nvim/plugin/todo.vim
244.460  000.351  000.213: sourcing nvim_exec2() called at VimEnter Autocommands for "*":0
244.476  000.003  000.003: sourcing nvim_exec2() called at VimEnter Autocommands for "*":0
244.522  000.004  000.004: sourcing nvim_exec2() called at VimEnter Autocommands for "*":0
247.346  000.218  000.218: require('todo-comments.util')
247.367  000.467  000.249: require('todo-comments.config')
247.785  000.235  000.235: require('todo-comments.highlight')
247.800  000.427  000.192: require('todo-comments.jump')
247.808  003.179  002.285: require('todo-comments')
247.941  000.016  000.016: sourcing nvim_exec2() called at VimEnter Autocommands for "*":0
247.958  000.006  000.006: sourcing nvim_exec2() called at VimEnter Autocommands for "*":0
247.970  000.005  000.005: sourcing nvim_exec2() called at VimEnter Autocommands for "*":0
247.995  000.007  000.007: sourcing nvim_exec2() called at VimEnter Autocommands for "*":0
248.037  000.035  000.035: sourcing nvim_exec2() called at VimEnter Autocommands for "*":0
248.049  000.004  000.004: sourcing nvim_exec2() called at VimEnter Autocommands for "*":0
248.071  000.006  000.006: sourcing nvim_exec2() called at VimEnter Autocommands for "*":0
248.082  000.003  000.003: sourcing nvim_exec2() called at VimEnter Autocommands for "*":0
248.091  000.004  000.004: sourcing nvim_exec2() called at VimEnter Autocommands for "*":0
248.111  000.006  000.006: sourcing nvim_exec2() called at VimEnter Autocommands for "*":0
248.122  000.003  000.003: sourcing nvim_exec2() called at VimEnter Autocommands for "*":0
248.134  000.004  000.004: sourcing nvim_exec2() called at VimEnter Autocommands for "*":0
248.180  000.007  000.007: sourcing nvim_exec2() called at VimEnter Autocommands for "*":0
248.191  000.004  000.004: sourcing nvim_exec2() called at VimEnter Autocommands for "*":0
248.201  000.004  000.004: sourcing nvim_exec2() called at VimEnter Autocommands for "*":0
248.239  000.007  000.007: sourcing nvim_exec2() called at VimEnter Autocommands for "*":0
248.250  000.003  000.003: sourcing nvim_exec2() called at VimEnter Autocommands for "*":0
248.260  000.004  000.004: sourcing nvim_exec2() called at VimEnter Autocommands for "*":0
248.281  000.006  000.006: sourcing nvim_exec2() called at VimEnter Autocommands for "*":0
248.293  000.005  000.005: sourcing nvim_exec2() called at VimEnter Autocommands for "*":0
248.304  000.004  000.004: sourcing nvim_exec2() called at VimEnter Autocommands for "*":0
248.381  000.025  000.025: sourcing nvim_exec2() called at VimEnter Autocommands for "*":0
249.147  000.275  000.275: require('vim.version')
252.322  016.663: VimEnter autocommands
253.523  001.201: UIEnter autocommands
255.468  001.945: before starting main loop
256.578  001.110: first screen update
256.585  000.007: --- NVIM STARTED ---

